<?xml version="1.0" encoding="UTF-8"?>
<testsuite name="com.vaibhavpandey.katora.ContainerTest" tests="8" skipped="0" failures="0" errors="0" timestamp="2020-02-06T11:56:56" hostname="DESKTOP-9NP5C5L" time="0.008">
  <properties/>
  <testcase name="testNotFoundException" classname="com.vaibhavpandey.katora.ContainerTest" time="0.002"/>
  <testcase name="testFactory" classname="com.vaibhavpandey.katora.ContainerTest" time="0.001"/>
  <testcase name="testSingleton" classname="com.vaibhavpandey.katora.ContainerTest" time="0.0"/>
  <testcase name="testDependency" classname="com.vaibhavpandey.katora.ContainerTest" time="0.001"/>
  <testcase name="testExistence" classname="com.vaibhavpandey.katora.ContainerTest" time="0.001"/>
  <testcase name="testProvider" classname="com.vaibhavpandey.katora.ContainerTest" time="0.001"/>
  <testcase name="testFactoryException" classname="com.vaibhavpandey.katora.ContainerTest" time="0.001"/>
  <testcase name="testStringAlias" classname="com.vaibhavpandey.katora.ContainerTest" time="0.001"/>
  <system-out><![CDATA[]]></system-out>
  <system-err><![CDATA[]]></system-err>
</testsuite>
